10:51:52.014 [run-main-0] DEBUG vibes.Main$ - Server online at http://localhost:8082/
10:51:52.018 [run-main-0] DEBUG vibes.Main$ - Press RETURN to stop...
10:58:56.817 [VSystem-akka.actor.default-dispatcher-6] DEBUG vibes.Main$ - HANDLE ERRORS... akka.http.scaladsl.server.Directive$$anon$1@553a9e5f <function1> <function1>
10:58:56.968 [VSystem-akka.actor.default-dispatcher-9] DEBUG vibes.Main$ - HANDLE ERRORS... akka.http.scaladsl.server.Directive$$anon$1@553a9e5f <function1> <function1>
10:58:56.996 [VSystem-akka.actor.default-dispatcher-9] DEBUG vibes.Main$ - GET...
10:58:57.007 [VSystem-akka.actor.default-dispatcher-9] DEBUG vibes.Main$ - WITHREQUESTTIMEOUT...
10:58:57.012 [VSystem-akka.actor.default-dispatcher-9] DEBUG vibes.Main$ - PARAMETERS...
10:58:57.199 [VSystem-akka.actor.default-dispatcher-9] DEBUG vibes.Main$ - ATTEMPT START... false
10:58:57.199 [VSystem-akka.actor.default-dispatcher-9] DEBUG vibes.Main$ - ==============================================================
10:58:57.200 [VSystem-akka.actor.default-dispatcher-9] DEBUG vibes.Main$ - =============================START============================
10:58:57.201 [VSystem-akka.actor.default-dispatcher-9] DEBUG vibes.Main$ - ==============================================================
10:58:57.374 [VSystem-akka.actor.default-dispatcher-9] DEBUG vibes.Main$ - STRATEGY... BITCOIN_LIKE_BLOCKCHAIN
10:58:57.375 [VSystem-akka.actor.default-dispatcher-9] DEBUG vibes.Main$ - TRANSACTION PROPAGATION DELAY... 150 MS
10:58:57.375 [VSystem-akka.actor.default-dispatcher-9] DEBUG vibes.Main$ - FLOOD ATTACK: TRANSACTION FEE... 0
10:58:57.376 [VSystem-akka.actor.default-dispatcher-9] DEBUG vibes.Main$ - SEGWIT: TRANSACTION WEIGHT... 2000
10:58:57.376 [VSystem-akka.actor.default-dispatcher-9] DEBUG vibes.Main$ - SEGWIT: MAX BLOCK WEIGHT... 200000
10:58:57.377 [VSystem-akka.actor.default-dispatcher-9] DEBUG vibes.Main$ - ALTERNATIVE HISTORY ATTACK
10:58:57.377 [VSystem-akka.actor.default-dispatcher-9] DEBUG vibes.Main$ - ATTACKER'S HASH RATE... 30%
10:58:57.377 [VSystem-akka.actor.default-dispatcher-9] DEBUG vibes.Main$ - CONFIRMATIONS... 4 BLOCKS
10:58:57.379 [VSystem-akka.actor.default-dispatcher-9] DEBUG vibes.Main$ - SegWitInActive... 50
10:58:57.380 [VSystem-akka.actor.default-dispatcher-9] DEBUG vibes.Main$ - SegWitActive... 100
10:58:57.389 [VSystem-akka.actor.default-dispatcher-9] DEBUG vibes.Main$ - reducerIntermediateResult... Future(<not completed>)
10:58:57.405 [VSystem-akka.actor.default-dispatcher-6] DEBUG com.vibes.actors.DiscoveryActor - DiscoveryActor started akka://VSystem/user/Master/Discovery
10:58:57.412 [VSystem-akka.actor.default-dispatcher-6] DEBUG com.vibes.actors.ReducerActor - ReducerActor started akka://VSystem/user/Master/Reducer
10:58:57.416 [VSystem-akka.actor.default-dispatcher-6] DEBUG com.vibes.actors.NodeRepoActor - NodeRegistryActor started akka://VSystem/user/Master/NodeRepo
10:58:57.418 [VSystem-akka.actor.default-dispatcher-6] DEBUG com.vibes.actors.NodeRepoActor - REGISTER EVIL NODE....... 0
10:58:57.420 [VSystem-akka.actor.default-dispatcher-7] DEBUG com.vibes.actors.MasterActor - MasterActor started akka://VSystem/user/Master
10:58:57.427 [VSystem-akka.actor.default-dispatcher-6] DEBUG com.vibes.actors.NodeRepoActor - REGISTER EVIL NODE....... 1
10:58:57.430 [VSystem-akka.actor.default-dispatcher-6] DEBUG com.vibes.actors.NodeRepoActor - REGISTER EVIL NODE....... 2
10:58:57.437 [VSystem-akka.actor.default-dispatcher-6] DEBUG com.vibes.actors.NodeRepoActor - REGISTER EVIL NODE....... 3
10:58:57.438 [VSystem-akka.actor.default-dispatcher-9] DEBUG vibes.Main$ - Await.result reducerIntermediateResult Future(<not completed>)
10:58:57.439 [VSystem-akka.actor.default-dispatcher-6] DEBUG com.vibes.actors.NodeRepoActor - REGISTER EVIL NODE....... 4
10:58:57.440 [VSystem-akka.actor.default-dispatcher-3] DEBUG com.vibes.actors.NodeActor - NodeActor started akka://VSystem/user/Master/NodeRepo/$b
10:58:57.440 [VSystem-akka.actor.default-dispatcher-8] DEBUG com.vibes.actors.NodeActor - NodeActor started akka://VSystem/user/Master/NodeRepo/$c
10:58:57.440 [VSystem-akka.actor.default-dispatcher-7] DEBUG com.vibes.actors.NodeActor - NodeActor started akka://VSystem/user/Master/NodeRepo/$d
10:58:57.440 [VSystem-akka.actor.default-dispatcher-10] DEBUG com.vibes.actors.NodeActor - NodeActor started akka://VSystem/user/Master/NodeRepo/$a
10:58:57.445 [VSystem-akka.actor.default-dispatcher-6] DEBUG com.vibes.actors.NodeActor - NodeActor started akka://VSystem/user/Master/NodeRepo/$e
10:58:57.447 [VSystem-akka.actor.default-dispatcher-9] DEBUG com.vibes.actors.NodeRepoActor - REGISTER EVIL NODE....... 5
10:58:57.468 [VSystem-akka.actor.default-dispatcher-9] DEBUG com.vibes.actors.NodeRepoActor - REGISTER EVIL NODE....... 6
10:58:57.468 [VSystem-akka.actor.default-dispatcher-16] DEBUG com.vibes.actors.NodeActor - NodeActor started akka://VSystem/user/Master/NodeRepo/$f
10:58:57.478 [VSystem-akka.actor.default-dispatcher-9] DEBUG com.vibes.actors.NodeRepoActor - REGISTER EVIL NODE....... 7
10:58:57.479 [VSystem-akka.actor.default-dispatcher-6] DEBUG com.vibes.actors.NodeActor - NodeActor started akka://VSystem/user/Master/NodeRepo/$g
10:58:57.485 [VSystem-akka.actor.default-dispatcher-9] DEBUG com.vibes.actors.NodeRepoActor - REGISTER EVIL NODE....... 8
10:58:57.485 [VSystem-akka.actor.default-dispatcher-10] DEBUG com.vibes.actors.NodeActor - NodeActor started akka://VSystem/user/Master/NodeRepo/$h
10:58:57.490 [VSystem-akka.actor.default-dispatcher-9] DEBUG com.vibes.actors.NodeRepoActor - REGISTER EVIL NODE....... 9
10:58:57.491 [VSystem-akka.actor.default-dispatcher-16] DEBUG com.vibes.actors.NodeActor - NodeActor started akka://VSystem/user/Master/NodeRepo/$i
10:58:57.500 [VSystem-akka.actor.default-dispatcher-9] DEBUG com.vibes.actors.NodeRepoActor - REGISTER EVIL NODE....... 10
10:58:57.500 [VSystem-akka.actor.default-dispatcher-6] DEBUG com.vibes.actors.NodeActor - NodeActor started akka://VSystem/user/Master/NodeRepo/$j
10:58:57.508 [VSystem-akka.actor.default-dispatcher-9] DEBUG com.vibes.actors.NodeRepoActor - REGISTER EVIL NODE....... 11
10:58:57.508 [VSystem-akka.actor.default-dispatcher-10] DEBUG com.vibes.actors.NodeActor - NodeActor started akka://VSystem/user/Master/NodeRepo/$k
10:58:57.520 [VSystem-akka.actor.default-dispatcher-9] DEBUG com.vibes.actors.NodeRepoActor - REGISTER EVIL NODE....... 12
10:58:57.520 [VSystem-akka.actor.default-dispatcher-16] DEBUG com.vibes.actors.NodeActor - NodeActor started akka://VSystem/user/Master/NodeRepo/$l
10:58:57.530 [VSystem-akka.actor.default-dispatcher-9] DEBUG com.vibes.actors.NodeRepoActor - REGISTER EVIL NODE....... 13
10:58:57.530 [VSystem-akka.actor.default-dispatcher-6] DEBUG com.vibes.actors.NodeActor - NodeActor started akka://VSystem/user/Master/NodeRepo/$m
10:58:57.539 [VSystem-akka.actor.default-dispatcher-9] DEBUG com.vibes.actors.NodeRepoActor - REGISTER EVIL NODE....... 14
10:58:57.540 [VSystem-akka.actor.default-dispatcher-10] DEBUG com.vibes.actors.NodeActor - NodeActor started akka://VSystem/user/Master/NodeRepo/$n
10:58:57.548 [VSystem-akka.actor.default-dispatcher-6] DEBUG com.vibes.actors.NodeRepoActor - REGISTER EVIL NODE....... 15
10:58:57.548 [VSystem-akka.actor.default-dispatcher-16] DEBUG com.vibes.actors.NodeActor - NodeActor started akka://VSystem/user/Master/NodeRepo/$o
10:58:57.555 [VSystem-akka.actor.default-dispatcher-6] DEBUG com.vibes.actors.NodeRepoActor - REGISTER EVIL NODE....... 16
10:58:57.555 [VSystem-akka.actor.default-dispatcher-9] DEBUG com.vibes.actors.NodeActor - NodeActor started akka://VSystem/user/Master/NodeRepo/$p
10:58:57.563 [VSystem-akka.actor.default-dispatcher-6] DEBUG com.vibes.actors.NodeRepoActor - REGISTER EVIL NODE....... 17
10:58:57.563 [VSystem-akka.actor.default-dispatcher-10] DEBUG com.vibes.actors.NodeActor - NodeActor started akka://VSystem/user/Master/NodeRepo/$q
10:58:57.570 [VSystem-akka.actor.default-dispatcher-6] DEBUG com.vibes.actors.NodeRepoActor - REGISTER EVIL NODE....... 18
10:58:57.570 [VSystem-akka.actor.default-dispatcher-16] DEBUG com.vibes.actors.NodeActor - NodeActor started akka://VSystem/user/Master/NodeRepo/$r
10:58:57.580 [VSystem-akka.actor.default-dispatcher-6] DEBUG com.vibes.actors.NodeRepoActor - REGISTER EVIL NODE....... 19
10:58:57.580 [VSystem-akka.actor.default-dispatcher-10] DEBUG com.vibes.actors.NodeActor - NodeActor started akka://VSystem/user/Master/NodeRepo/$s
10:58:57.587 [VSystem-akka.actor.default-dispatcher-6] DEBUG com.vibes.actors.NodeRepoActor - REGISTER EVIL NODE....... 20
10:58:57.587 [VSystem-akka.actor.default-dispatcher-9] DEBUG com.vibes.actors.NodeActor - NodeActor started akka://VSystem/user/Master/NodeRepo/$t
10:58:57.596 [VSystem-akka.actor.default-dispatcher-6] DEBUG com.vibes.actors.NodeRepoActor - REGISTER EVIL NODE....... 21
10:58:57.596 [VSystem-akka.actor.default-dispatcher-16] DEBUG com.vibes.actors.NodeActor - NodeActor started akka://VSystem/user/Master/NodeRepo/$u
10:58:57.606 [VSystem-akka.actor.default-dispatcher-6] DEBUG com.vibes.actors.NodeRepoActor - REGISTER EVIL NODE....... 22
10:58:57.607 [VSystem-akka.actor.default-dispatcher-10] DEBUG com.vibes.actors.NodeActor - NodeActor started akka://VSystem/user/Master/NodeRepo/$v
10:58:57.613 [VSystem-akka.actor.default-dispatcher-6] DEBUG com.vibes.actors.NodeRepoActor - REGISTER EVIL NODE....... 23
10:58:57.613 [VSystem-akka.actor.default-dispatcher-9] DEBUG com.vibes.actors.NodeActor - NodeActor started akka://VSystem/user/Master/NodeRepo/$w
10:58:57.618 [VSystem-akka.actor.default-dispatcher-6] DEBUG com.vibes.actors.NodeRepoActor - REGISTER NODE....... 24
10:58:57.619 [VSystem-akka.actor.default-dispatcher-10] DEBUG com.vibes.actors.NodeActor - NodeActor started akka://VSystem/user/Master/NodeRepo/$x
10:58:57.630 [VSystem-akka.actor.default-dispatcher-6] DEBUG com.vibes.actors.NodeRepoActor - REGISTER NODE....... 25
10:58:57.631 [VSystem-akka.actor.default-dispatcher-16] DEBUG com.vibes.actors.NodeActor - NodeActor started akka://VSystem/user/Master/NodeRepo/$y
10:58:57.638 [VSystem-akka.actor.default-dispatcher-6] DEBUG com.vibes.actors.NodeRepoActor - REGISTER NODE....... 26
10:58:57.638 [VSystem-akka.actor.default-dispatcher-9] DEBUG com.vibes.actors.NodeActor - NodeActor started akka://VSystem/user/Master/NodeRepo/$z
10:58:57.650 [VSystem-akka.actor.default-dispatcher-6] DEBUG com.vibes.actors.NodeRepoActor - REGISTER NODE....... 27
10:58:57.651 [VSystem-akka.actor.default-dispatcher-10] DEBUG com.vibes.actors.NodeActor - NodeActor started akka://VSystem/user/Master/NodeRepo/$A
10:58:57.658 [VSystem-akka.actor.default-dispatcher-6] DEBUG com.vibes.actors.NodeRepoActor - REGISTER NODE....... 28
10:58:57.658 [VSystem-akka.actor.default-dispatcher-16] DEBUG com.vibes.actors.NodeActor - NodeActor started akka://VSystem/user/Master/NodeRepo/$B
10:58:57.666 [VSystem-akka.actor.default-dispatcher-6] DEBUG com.vibes.actors.NodeRepoActor - REGISTER NODE....... 29
10:58:57.666 [VSystem-akka.actor.default-dispatcher-10] DEBUG com.vibes.actors.NodeActor - NodeActor started akka://VSystem/user/Master/NodeRepo/$C
10:58:57.673 [VSystem-akka.actor.default-dispatcher-6] DEBUG com.vibes.actors.NodeRepoActor - REGISTER NODE....... 30
10:58:57.673 [VSystem-akka.actor.default-dispatcher-9] DEBUG com.vibes.actors.NodeActor - NodeActor started akka://VSystem/user/Master/NodeRepo/$D
10:58:57.683 [VSystem-akka.actor.default-dispatcher-6] DEBUG com.vibes.actors.NodeRepoActor - REGISTER NODE....... 31
10:58:57.683 [VSystem-akka.actor.default-dispatcher-16] DEBUG com.vibes.actors.NodeActor - NodeActor started akka://VSystem/user/Master/NodeRepo/$E
10:58:57.690 [VSystem-akka.actor.default-dispatcher-6] DEBUG com.vibes.actors.NodeRepoActor - REGISTER NODE....... 32
10:58:57.690 [VSystem-akka.actor.default-dispatcher-10] DEBUG com.vibes.actors.NodeActor - NodeActor started akka://VSystem/user/Master/NodeRepo/$F
10:58:57.698 [VSystem-akka.actor.default-dispatcher-6] DEBUG com.vibes.actors.NodeRepoActor - REGISTER NODE....... 33
10:58:57.698 [VSystem-akka.actor.default-dispatcher-9] DEBUG com.vibes.actors.NodeActor - NodeActor started akka://VSystem/user/Master/NodeRepo/$G
10:58:57.703 [VSystem-akka.actor.default-dispatcher-6] DEBUG com.vibes.actors.NodeRepoActor - REGISTER NODE....... 34
10:58:57.705 [VSystem-akka.actor.default-dispatcher-10] DEBUG com.vibes.actors.NodeActor - NodeActor started akka://VSystem/user/Master/NodeRepo/$H
10:58:57.712 [VSystem-akka.actor.default-dispatcher-6] DEBUG com.vibes.actors.NodeRepoActor - REGISTER NODE....... 35
10:58:57.712 [VSystem-akka.actor.default-dispatcher-16] DEBUG com.vibes.actors.NodeActor - NodeActor started akka://VSystem/user/Master/NodeRepo/$I
10:58:57.720 [VSystem-akka.actor.default-dispatcher-9] DEBUG com.vibes.actors.NodeActor - NodeActor started akka://VSystem/user/Master/NodeRepo/$J
10:58:57.720 [VSystem-akka.actor.default-dispatcher-6] DEBUG com.vibes.actors.NodeRepoActor - REGISTER NODE....... 36
10:58:57.730 [VSystem-akka.actor.default-dispatcher-6] DEBUG com.vibes.actors.NodeRepoActor - REGISTER NODE....... 37
10:58:57.731 [VSystem-akka.actor.default-dispatcher-10] DEBUG com.vibes.actors.NodeActor - NodeActor started akka://VSystem/user/Master/NodeRepo/$K
10:58:57.735 [VSystem-akka.actor.default-dispatcher-6] DEBUG com.vibes.actors.NodeRepoActor - REGISTER NODE....... 38
10:58:57.735 [VSystem-akka.actor.default-dispatcher-9] DEBUG com.vibes.actors.NodeActor - NodeActor started akka://VSystem/user/Master/NodeRepo/$L
10:58:57.742 [VSystem-akka.actor.default-dispatcher-6] DEBUG com.vibes.actors.NodeRepoActor - REGISTER NODE....... 39
10:58:57.742 [VSystem-akka.actor.default-dispatcher-10] DEBUG com.vibes.actors.NodeActor - NodeActor started akka://VSystem/user/Master/NodeRepo/$M
10:58:57.748 [VSystem-akka.actor.default-dispatcher-6] DEBUG com.vibes.actors.NodeRepoActor - REGISTER NODE....... 40
10:58:57.748 [VSystem-akka.actor.default-dispatcher-16] DEBUG com.vibes.actors.NodeActor - NodeActor started akka://VSystem/user/Master/NodeRepo/$N
10:58:57.755 [VSystem-akka.actor.default-dispatcher-6] DEBUG com.vibes.actors.NodeRepoActor - REGISTER NODE....... 41
10:58:57.755 [VSystem-akka.actor.default-dispatcher-9] DEBUG com.vibes.actors.NodeActor - NodeActor started akka://VSystem/user/Master/NodeRepo/$O
10:58:57.764 [VSystem-akka.actor.default-dispatcher-6] DEBUG com.vibes.actors.NodeRepoActor - REGISTER NODE....... 42
10:58:57.764 [VSystem-akka.actor.default-dispatcher-10] DEBUG com.vibes.actors.NodeActor - NodeActor started akka://VSystem/user/Master/NodeRepo/$P
10:58:57.773 [VSystem-akka.actor.default-dispatcher-6] DEBUG com.vibes.actors.NodeRepoActor - REGISTER NODE....... 43
10:58:57.773 [VSystem-akka.actor.default-dispatcher-16] DEBUG com.vibes.actors.NodeActor - NodeActor started akka://VSystem/user/Master/NodeRepo/$Q
10:58:57.780 [VSystem-akka.actor.default-dispatcher-6] DEBUG com.vibes.actors.NodeRepoActor - REGISTER NODE....... 44
10:58:57.781 [VSystem-akka.actor.default-dispatcher-9] DEBUG com.vibes.actors.NodeActor - NodeActor started akka://VSystem/user/Master/NodeRepo/$R
10:58:57.788 [VSystem-akka.actor.default-dispatcher-6] DEBUG com.vibes.actors.NodeRepoActor - REGISTER NODE....... 45
10:58:57.788 [VSystem-akka.actor.default-dispatcher-10] DEBUG com.vibes.actors.NodeActor - NodeActor started akka://VSystem/user/Master/NodeRepo/$S
10:58:57.797 [VSystem-akka.actor.default-dispatcher-6] DEBUG com.vibes.actors.NodeRepoActor - REGISTER NODE....... 46
10:58:57.797 [VSystem-akka.actor.default-dispatcher-16] DEBUG com.vibes.actors.NodeActor - NodeActor started akka://VSystem/user/Master/NodeRepo/$T
10:58:57.801 [VSystem-akka.actor.default-dispatcher-6] DEBUG com.vibes.actors.NodeRepoActor - REGISTER NODE....... 47
10:58:57.801 [VSystem-akka.actor.default-dispatcher-9] DEBUG com.vibes.actors.NodeActor - NodeActor started akka://VSystem/user/Master/NodeRepo/$U
10:58:57.814 [VSystem-akka.actor.default-dispatcher-6] DEBUG com.vibes.actors.NodeRepoActor - REGISTER NODE....... 48
10:58:57.814 [VSystem-akka.actor.default-dispatcher-10] DEBUG com.vibes.actors.NodeActor - NodeActor started akka://VSystem/user/Master/NodeRepo/$V
10:58:57.820 [VSystem-akka.actor.default-dispatcher-9] DEBUG com.vibes.actors.NodeActor - NodeActor started akka://VSystem/user/Master/NodeRepo/$W
10:58:57.820 [VSystem-akka.actor.default-dispatcher-6] DEBUG com.vibes.actors.NodeRepoActor - REGISTER NODE....... 49
10:58:57.831 [VSystem-akka.actor.default-dispatcher-6] DEBUG com.vibes.actors.NodeRepoActor - REGISTER NODE....... 50
10:58:57.831 [VSystem-akka.actor.default-dispatcher-16] DEBUG com.vibes.actors.NodeActor - NodeActor started akka://VSystem/user/Master/NodeRepo/$X
10:58:57.832 [VSystem-akka.actor.default-dispatcher-6] DEBUG com.vibes.actors.NodeRepoActor - REGISTER NODE....... 51
10:58:57.832 [VSystem-akka.actor.default-dispatcher-9] DEBUG com.vibes.actors.NodeActor - NodeActor started akka://VSystem/user/Master/NodeRepo/$Y
10:58:57.847 [VSystem-akka.actor.default-dispatcher-6] DEBUG com.vibes.actors.NodeRepoActor - REGISTER NODE....... 52
10:58:57.847 [VSystem-akka.actor.default-dispatcher-10] DEBUG com.vibes.actors.NodeActor - NodeActor started akka://VSystem/user/Master/NodeRepo/$Z
10:58:57.858 [VSystem-akka.actor.default-dispatcher-6] DEBUG com.vibes.actors.NodeRepoActor - REGISTER NODE....... 53
10:58:57.860 [VSystem-akka.actor.default-dispatcher-16] DEBUG com.vibes.actors.NodeActor - NodeActor started akka://VSystem/user/Master/NodeRepo/$0
10:58:57.874 [VSystem-akka.actor.default-dispatcher-6] DEBUG com.vibes.actors.NodeRepoActor - REGISTER NODE....... 54
10:58:57.874 [VSystem-akka.actor.default-dispatcher-9] DEBUG com.vibes.actors.NodeActor - NodeActor started akka://VSystem/user/Master/NodeRepo/$1
10:58:57.889 [VSystem-akka.actor.default-dispatcher-6] DEBUG com.vibes.actors.NodeRepoActor - REGISTER NODE....... 55
10:58:57.890 [VSystem-akka.actor.default-dispatcher-10] DEBUG com.vibes.actors.NodeActor - NodeActor started akka://VSystem/user/Master/NodeRepo/$2
10:58:57.901 [VSystem-akka.actor.default-dispatcher-6] DEBUG com.vibes.actors.NodeRepoActor - REGISTER NODE....... 56
10:58:57.901 [VSystem-akka.actor.default-dispatcher-16] DEBUG com.vibes.actors.NodeActor - NodeActor started akka://VSystem/user/Master/NodeRepo/$3
10:58:57.919 [VSystem-akka.actor.default-dispatcher-6] DEBUG com.vibes.actors.NodeRepoActor - REGISTER NODE....... 57
10:58:57.919 [VSystem-akka.actor.default-dispatcher-9] DEBUG com.vibes.actors.NodeActor - NodeActor started akka://VSystem/user/Master/NodeRepo/$4
10:58:57.953 [VSystem-akka.actor.default-dispatcher-6] DEBUG com.vibes.actors.NodeRepoActor - REGISTER NODE....... 58
10:58:57.953 [VSystem-akka.actor.default-dispatcher-10] DEBUG com.vibes.actors.NodeActor - NodeActor started akka://VSystem/user/Master/NodeRepo/$5
10:58:57.971 [VSystem-akka.actor.default-dispatcher-6] DEBUG com.vibes.actors.NodeRepoActor - REGISTER NODE....... 59
10:58:57.971 [VSystem-akka.actor.default-dispatcher-9] DEBUG com.vibes.actors.NodeActor - NodeActor started akka://VSystem/user/Master/NodeRepo/$6
10:58:57.985 [VSystem-akka.actor.default-dispatcher-6] DEBUG com.vibes.actors.NodeRepoActor - REGISTER NODE....... 60
10:58:57.985 [VSystem-akka.actor.default-dispatcher-16] DEBUG com.vibes.actors.NodeActor - NodeActor started akka://VSystem/user/Master/NodeRepo/$7
10:58:58.000 [VSystem-akka.actor.default-dispatcher-6] DEBUG com.vibes.actors.NodeRepoActor - REGISTER NODE....... 61
10:58:58.000 [VSystem-akka.actor.default-dispatcher-10] DEBUG com.vibes.actors.NodeActor - NodeActor started akka://VSystem/user/Master/NodeRepo/$8
10:58:58.010 [VSystem-akka.actor.default-dispatcher-6] DEBUG com.vibes.actors.NodeRepoActor - REGISTER NODE....... 62
10:58:58.011 [VSystem-akka.actor.default-dispatcher-9] DEBUG com.vibes.actors.NodeActor - NodeActor started akka://VSystem/user/Master/NodeRepo/$9
10:58:58.025 [VSystem-akka.actor.default-dispatcher-6] DEBUG com.vibes.actors.NodeRepoActor - REGISTER NODE....... 63
10:58:58.025 [VSystem-akka.actor.default-dispatcher-16] DEBUG com.vibes.actors.NodeActor - NodeActor started akka://VSystem/user/Master/NodeRepo/$+
10:58:58.036 [VSystem-akka.actor.default-dispatcher-6] DEBUG com.vibes.actors.NodeRepoActor - REGISTER NODE....... 64
10:58:58.037 [VSystem-akka.actor.default-dispatcher-10] DEBUG com.vibes.actors.NodeActor - NodeActor started akka://VSystem/user/Master/NodeRepo/$~
10:58:58.048 [VSystem-akka.actor.default-dispatcher-6] DEBUG com.vibes.actors.NodeRepoActor - REGISTER NODE....... 65
10:58:58.048 [VSystem-akka.actor.default-dispatcher-9] DEBUG com.vibes.actors.NodeActor - NodeActor started akka://VSystem/user/Master/NodeRepo/$ab
10:58:58.063 [VSystem-akka.actor.default-dispatcher-6] DEBUG com.vibes.actors.NodeRepoActor - REGISTER NODE....... 66
10:58:58.063 [VSystem-akka.actor.default-dispatcher-16] DEBUG com.vibes.actors.NodeActor - NodeActor started akka://VSystem/user/Master/NodeRepo/$bb
10:58:58.078 [VSystem-akka.actor.default-dispatcher-6] DEBUG com.vibes.actors.NodeRepoActor - REGISTER NODE....... 67
10:58:58.078 [VSystem-akka.actor.default-dispatcher-10] DEBUG com.vibes.actors.NodeActor - NodeActor started akka://VSystem/user/Master/NodeRepo/$cb
10:58:58.105 [VSystem-akka.actor.default-dispatcher-6] DEBUG com.vibes.actors.NodeRepoActor - REGISTER NODE....... 68
10:58:58.105 [VSystem-akka.actor.default-dispatcher-9] DEBUG com.vibes.actors.NodeActor - NodeActor started akka://VSystem/user/Master/NodeRepo/$db
10:58:58.129 [VSystem-akka.actor.default-dispatcher-6] DEBUG com.vibes.actors.NodeRepoActor - REGISTER NODE....... 69
10:58:58.129 [VSystem-akka.actor.default-dispatcher-16] DEBUG com.vibes.actors.NodeActor - NodeActor started akka://VSystem/user/Master/NodeRepo/$eb
10:58:58.143 [VSystem-akka.actor.default-dispatcher-6] DEBUG com.vibes.actors.NodeRepoActor - REGISTER NODE....... 70
10:58:58.143 [VSystem-akka.actor.default-dispatcher-10] DEBUG com.vibes.actors.NodeActor - NodeActor started akka://VSystem/user/Master/NodeRepo/$fb
10:58:58.156 [VSystem-akka.actor.default-dispatcher-6] DEBUG com.vibes.actors.NodeRepoActor - REGISTER NODE....... 71
10:58:58.156 [VSystem-akka.actor.default-dispatcher-9] DEBUG com.vibes.actors.NodeActor - NodeActor started akka://VSystem/user/Master/NodeRepo/$gb
10:58:58.172 [VSystem-akka.actor.default-dispatcher-6] DEBUG com.vibes.actors.NodeRepoActor - REGISTER NODE....... 72
10:58:58.172 [VSystem-akka.actor.default-dispatcher-16] DEBUG com.vibes.actors.NodeActor - NodeActor started akka://VSystem/user/Master/NodeRepo/$hb
10:58:58.186 [VSystem-akka.actor.default-dispatcher-10] DEBUG com.vibes.actors.NodeActor - NodeActor started akka://VSystem/user/Master/NodeRepo/$ib
10:58:58.185 [VSystem-akka.actor.default-dispatcher-6] DEBUG com.vibes.actors.NodeRepoActor - REGISTER NODE....... 73
10:58:58.219 [VSystem-akka.actor.default-dispatcher-6] DEBUG com.vibes.actors.NodeRepoActor - REGISTER NODE....... 74
10:58:58.219 [VSystem-akka.actor.default-dispatcher-16] DEBUG com.vibes.actors.NodeActor - NodeActor started akka://VSystem/user/Master/NodeRepo/$jb
10:58:58.225 [VSystem-akka.actor.default-dispatcher-6] DEBUG com.vibes.actors.NodeRepoActor - REGISTER NODE....... 75
10:58:58.226 [VSystem-akka.actor.default-dispatcher-10] DEBUG com.vibes.actors.NodeActor - NodeActor started akka://VSystem/user/Master/NodeRepo/$kb
10:58:58.244 [VSystem-akka.actor.default-dispatcher-6] DEBUG com.vibes.actors.NodeRepoActor - REGISTER NODE....... 76
10:58:58.244 [VSystem-akka.actor.default-dispatcher-9] DEBUG com.vibes.actors.NodeActor - NodeActor started akka://VSystem/user/Master/NodeRepo/$lb
10:58:58.260 [VSystem-akka.actor.default-dispatcher-6] DEBUG com.vibes.actors.NodeRepoActor - REGISTER NODE....... 77
10:58:58.261 [VSystem-akka.actor.default-dispatcher-16] DEBUG com.vibes.actors.NodeActor - NodeActor started akka://VSystem/user/Master/NodeRepo/$mb
10:58:58.273 [VSystem-akka.actor.default-dispatcher-6] DEBUG com.vibes.actors.NodeRepoActor - REGISTER NODE....... 78
10:58:58.273 [VSystem-akka.actor.default-dispatcher-9] DEBUG com.vibes.actors.NodeActor - NodeActor started akka://VSystem/user/Master/NodeRepo/$nb
10:58:58.294 [VSystem-akka.actor.default-dispatcher-6] DEBUG com.vibes.actors.NodeRepoActor - REGISTER NODE....... 79
10:58:58.294 [VSystem-akka.actor.default-dispatcher-10] DEBUG com.vibes.actors.NodeActor - NodeActor started akka://VSystem/user/Master/NodeRepo/$ob
10:58:58.304 [VSystem-akka.actor.default-dispatcher-6] DEBUG com.vibes.actors.NodeActor - NodeActor started akka://VSystem/user/Master/NodeRepo/$pb
10:59:00.464 [scala-execution-context-global-111] DEBUG com.vibes.actors.MasterActor - Announce Neighbours akka://VSystem/user/Master
10:59:00.473 [VSystem-akka.actor.default-dispatcher-6] DEBUG com.vibes.actors.DiscoveryActor$ - Update neighbours table...
10:59:04.462 [scala-execution-context-global-111] DEBUG com.vibes.actors.MasterActor - Announce Start akka://VSystem/user/Master
10:59:04.473 [VSystem-akka.actor.default-dispatcher-13] DEBUG com.vibes.actors.NodeRepoActor - NodeRepoActions.AnnounceStart
10:59:04.560 [VSystem-akka.actor.default-dispatcher-7] DEBUG com.vibes.actors.NodeActor - StartSimulation 2021-03-29T10:59:04.472+08:00 Actor[akka://VSystem/user/Master/NodeRepo/$l#1780544892]
10:59:04.560 [VSystem-akka.actor.default-dispatcher-6] DEBUG com.vibes.actors.NodeActor - StartSimulation 2021-03-29T10:59:04.472+08:00 Actor[akka://VSystem/user/Master/NodeRepo/$p#766688382]
10:59:04.560 [VSystem-akka.actor.default-dispatcher-15] DEBUG com.vibes.actors.NodeActor - StartSimulation 2021-03-29T10:59:04.472+08:00 Actor[akka://VSystem/user/Master/NodeRepo/$hb#1159766022]
10:59:04.560 [VSystem-akka.actor.default-dispatcher-9] DEBUG com.vibes.actors.NodeActor - StartSimulation 2021-03-29T10:59:04.472+08:00 Actor[akka://VSystem/user/Master/NodeRepo/$Y#172479942]
10:59:04.560 [VSystem-akka.actor.default-dispatcher-21] DEBUG com.vibes.actors.NodeActor - StartSimulation 2021-03-29T10:59:04.472+08:00 Actor[akka://VSystem/user/Master/NodeRepo/$6#-1991402095]
10:59:04.560 [VSystem-akka.actor.default-dispatcher-8] DEBUG com.vibes.actors.NodeActor - StartSimulation 2021-03-29T10:59:04.472+08:00 Actor[akka://VSystem/user/Master/NodeRepo/$E#-811071352]
10:59:04.560 [VSystem-akka.actor.default-dispatcher-16] DEBUG com.vibes.actors.NodeActor - StartSimulation 2021-03-29T10:59:04.472+08:00 Actor[akka://VSystem/user/Master/NodeRepo/$8#-1327596178]
10:59:04.560 [VSystem-akka.actor.default-dispatcher-11] DEBUG com.vibes.actors.NodeActor - StartSimulation 2021-03-29T10:59:04.472+08:00 Actor[akka://VSystem/user/Master/NodeRepo/$v#1346303138]
10:59:04.560 [VSystem-akka.actor.default-dispatcher-23] DEBUG com.vibes.actors.NodeActor - StartSimulation 2021-03-29T10:59:04.472+08:00 Actor[akka://VSystem/user/Master/NodeRepo/$a#-654935943]
10:59:04.560 [VSystem-akka.actor.default-dispatcher-25] DEBUG com.vibes.actors.NodeActor - StartSimulation 2021-03-29T10:59:04.472+08:00 Actor[akka://VSystem/user/Master/NodeRepo/$L#1307728200]
10:59:04.560 [VSystem-akka.actor.default-dispatcher-26] DEBUG com.vibes.actors.NodeActor - StartSimulation 2021-03-29T10:59:04.472+08:00 Actor[akka://VSystem/user/Master/NodeRepo/$G#-1357545991]
10:59:04.560 [VSystem-akka.actor.default-dispatcher-24] DEBUG com.vibes.actors.NodeActor - StartSimulation 2021-03-29T10:59:04.472+08:00 Actor[akka://VSystem/user/Master/NodeRepo/$lb#1143833979]
10:59:04.560 [VSystem-akka.actor.default-dispatcher-28] DEBUG com.vibes.actors.NodeActor - StartSimulation 2021-03-29T10:59:04.472+08:00 Actor[akka://VSystem/user/Master/NodeRepo/$nb#1083881742]
10:59:04.560 [VSystem-akka.actor.default-dispatcher-22] DEBUG com.vibes.actors.NodeActor - StartSimulation 2021-03-29T10:59:04.472+08:00 Actor[akka://VSystem/user/Master/NodeRepo/$k#-2013377124]
10:59:04.560 [VSystem-akka.actor.default-dispatcher-19] DEBUG com.vibes.actors.NodeActor - StartSimulation 2021-03-29T10:59:04.472+08:00 Actor[akka://VSystem/user/Master/NodeRepo/$T#-1747468620]
10:59:04.560 [VSystem-akka.actor.default-dispatcher-27] DEBUG com.vibes.actors.NodeActor - StartSimulation 2021-03-29T10:59:04.472+08:00 Actor[akka://VSystem/user/Master/NodeRepo/$z#138881130]
10:59:04.561 [VSystem-akka.actor.default-dispatcher-20] DEBUG com.vibes.actors.NodeActor - StartSimulation 2021-03-29T10:59:04.472+08:00 Actor[akka://VSystem/user/Master/NodeRepo/$1#-1430656753]
10:59:04.561 [VSystem-akka.actor.default-dispatcher-18] DEBUG com.vibes.actors.NodeActor - StartSimulation 2021-03-29T10:59:04.472+08:00 Actor[akka://VSystem/user/Master/NodeRepo/$5#-1708873679]
10:59:04.562 [VSystem-akka.actor.default-dispatcher-13] DEBUG com.vibes.actors.NodeActor - StartSimulation 2021-03-29T10:59:04.472+08:00 Actor[akka://VSystem/user/Master/NodeRepo/$F#-514597834]
10:59:04.562 [VSystem-akka.actor.default-dispatcher-3] DEBUG com.vibes.actors.NodeActor - StartSimulation 2021-03-29T10:59:04.472+08:00 Actor[akka://VSystem/user/Master/NodeRepo/$U#-1048152929]
10:59:04.562 [VSystem-akka.actor.default-dispatcher-10] DEBUG com.vibes.actors.NodeActor - StartSimulation 2021-03-29T10:59:04.472+08:00 Actor[akka://VSystem/user/Master/NodeRepo/$e#-1080220367]
10:59:04.562 [VSystem-akka.actor.default-dispatcher-14] DEBUG com.vibes.actors.NodeActor - StartSimulation 2021-03-29T10:59:04.472+08:00 Actor[akka://VSystem/user/Master/NodeRepo/$bb#-234805530]
10:59:04.562 [VSystem-akka.actor.default-dispatcher-12] DEBUG com.vibes.actors.NodeActor - StartSimulation 2021-03-29T10:59:04.472+08:00 Actor[akka://VSystem/user/Master/NodeRepo/$jb#-101565718]
10:59:04.562 [VSystem-akka.actor.default-dispatcher-17] DEBUG com.vibes.actors.NodeActor - StartSimulation 2021-03-29T10:59:04.472+08:00 Actor[akka://VSystem/user/Master/NodeRepo/$h#-254480512]
10:59:04.578 [VSystem-akka.actor.default-dispatcher-7] DEBUG com.vibes.actors.NodeActor - StartSimulation 2021-03-29T10:59:04.472+08:00 Actor[akka://VSystem/user/Master/NodeRepo/$J#-753072444]
10:59:04.578 [VSystem-akka.actor.default-dispatcher-6] DEBUG com.vibes.actors.NodeActor - StartSimulation 2021-03-29T10:59:04.472+08:00 Actor[akka://VSystem/user/Master/NodeRepo/$3#2003942460]
10:59:04.588 [VSystem-akka.actor.default-dispatcher-15] DEBUG com.vibes.actors.NodeActor - StartSimulation 2021-03-29T10:59:04.472+08:00 Actor[akka://VSystem/user/Master/NodeRepo/$4#-552095447]
10:59:04.600 [VSystem-akka.actor.default-dispatcher-9] DEBUG com.vibes.actors.NodeActor - StartSimulation 2021-03-29T10:59:04.472+08:00 Actor[akka://VSystem/user/Master/NodeRepo/$ib#1227170146]
10:59:04.607 [VSystem-akka.actor.default-dispatcher-21] DEBUG com.vibes.actors.NodeActor - StartSimulation 2021-03-29T10:59:04.472+08:00 Actor[akka://VSystem/user/Master/NodeRepo/$N#717212049]
10:59:04.615 [VSystem-akka.actor.default-dispatcher-8] DEBUG com.vibes.actors.NodeActor - StartSimulation 2021-03-29T10:59:04.472+08:00 Actor[akka://VSystem/user/Master/NodeRepo/$9#-948174527]
10:59:04.624 [VSystem-akka.actor.default-dispatcher-16] DEBUG com.vibes.actors.NodeActor - StartSimulation 2021-03-29T10:59:04.472+08:00 Actor[akka://VSystem/user/Master/NodeRepo/$ab#-672259881]
10:59:04.631 [VSystem-akka.actor.default-dispatcher-11] DEBUG com.vibes.actors.NodeActor - StartSimulation 2021-03-29T10:59:04.472+08:00 Actor[akka://VSystem/user/Master/NodeRepo/$2#-312239289]
10:59:04.641 [VSystem-akka.actor.default-dispatcher-23] DEBUG com.vibes.actors.NodeActor - StartSimulation 2021-03-29T10:59:04.472+08:00 Actor[akka://VSystem/user/Master/NodeRepo/$W#1153284874]
10:59:04.654 [VSystem-akka.actor.default-dispatcher-25] DEBUG com.vibes.actors.NodeActor - StartSimulation 2021-03-29T10:59:04.472+08:00 Actor[akka://VSystem/user/Master/NodeRepo/$t#1439974249]
10:59:04.660 [VSystem-akka.actor.default-dispatcher-26] DEBUG com.vibes.actors.NodeActor - StartSimulation 2021-03-29T10:59:04.472+08:00 Actor[akka://VSystem/user/Master/NodeRepo/$cb#258241440]
10:59:04.670 [VSystem-akka.actor.default-dispatcher-24] DEBUG com.vibes.actors.NodeActor - StartSimulation 2021-03-29T10:59:04.472+08:00 Actor[akka://VSystem/user/Master/NodeRepo/$eb#267726055]
10:59:04.680 [VSystem-akka.actor.default-dispatcher-28] DEBUG com.vibes.actors.NodeActor - StartSimulation 2021-03-29T10:59:04.472+08:00 Actor[akka://VSystem/user/Master/NodeRepo/$m#-1159179750]
10:59:04.688 [VSystem-akka.actor.default-dispatcher-22] DEBUG com.vibes.actors.NodeActor - StartSimulation 2021-03-29T10:59:04.472+08:00 Actor[akka://VSystem/user/Master/NodeRepo/$Z#717826301]
10:59:04.697 [VSystem-akka.actor.default-dispatcher-19] DEBUG com.vibes.actors.NodeActor - StartSimulation 2021-03-29T10:59:04.472+08:00 Actor[akka://VSystem/user/Master/NodeRepo/$c#527874042]
10:59:04.706 [VSystem-akka.actor.default-dispatcher-27] DEBUG com.vibes.actors.NodeActor - StartSimulation 2021-03-29T10:59:04.472+08:00 Actor[akka://VSystem/user/Master/NodeRepo/$R#-157751506]
10:59:04.712 [VSystem-akka.actor.default-dispatcher-20] DEBUG com.vibes.actors.NodeActor - StartSimulation 2021-03-29T10:59:04.472+08:00 Actor[akka://VSystem/user/Master/NodeRepo/$H#1376626132]
10:59:04.721 [VSystem-akka.actor.default-dispatcher-18] DEBUG com.vibes.actors.NodeActor - StartSimulation 2021-03-29T10:59:04.472+08:00 Actor[akka://VSystem/user/Master/NodeRepo/$mb#-1458600403]
10:59:04.729 [VSystem-akka.actor.default-dispatcher-13] DEBUG com.vibes.actors.NodeActor - StartSimulation 2021-03-29T10:59:04.472+08:00 Actor[akka://VSystem/user/Master/NodeRepo/$fb#-2144521077]
10:59:04.737 [VSystem-akka.actor.default-dispatcher-3] DEBUG com.vibes.actors.NodeActor - StartSimulation 2021-03-29T10:59:04.472+08:00 Actor[akka://VSystem/user/Master/NodeRepo/$~#-1509937456]
10:59:04.740 [VSystem-akka.actor.default-dispatcher-10] DEBUG com.vibes.actors.NodeActor - StartSimulation 2021-03-29T10:59:04.472+08:00 Actor[akka://VSystem/user/Master/NodeRepo/$j#437322059]
10:59:04.753 [VSystem-akka.actor.default-dispatcher-14] DEBUG com.vibes.actors.NodeActor - StartSimulation 2021-03-29T10:59:04.472+08:00 Actor[akka://VSystem/user/Master/NodeRepo/$0#1540912216]
10:59:04.764 [VSystem-akka.actor.default-dispatcher-12] DEBUG com.vibes.actors.NodeActor - StartSimulation 2021-03-29T10:59:04.472+08:00 Actor[akka://VSystem/user/Master/NodeRepo/$X#-548149446]
10:59:04.773 [VSystem-akka.actor.default-dispatcher-17] DEBUG com.vibes.actors.NodeActor - StartSimulation 2021-03-29T10:59:04.472+08:00 Actor[akka://VSystem/user/Master/NodeRepo/$w#898901379]
10:59:04.787 [VSystem-akka.actor.default-dispatcher-7] DEBUG com.vibes.actors.NodeActor - StartSimulation 2021-03-29T10:59:04.472+08:00 Actor[akka://VSystem/user/Master/NodeRepo/$A#2117888375]
10:59:04.795 [VSystem-akka.actor.default-dispatcher-6] DEBUG com.vibes.actors.NodeActor - StartSimulation 2021-03-29T10:59:04.472+08:00 Actor[akka://VSystem/user/Master/NodeRepo/$K#-940395830]
10:59:04.807 [VSystem-akka.actor.default-dispatcher-15] DEBUG com.vibes.actors.NodeActor - StartSimulation 2021-03-29T10:59:04.472+08:00 Actor[akka://VSystem/user/Master/NodeRepo/$7#485897619]
10:59:04.814 [VSystem-akka.actor.default-dispatcher-9] DEBUG com.vibes.actors.NodeActor - StartSimulation 2021-03-29T10:59:04.472+08:00 Actor[akka://VSystem/user/Master/NodeRepo/$+#1259604737]
10:59:04.824 [VSystem-akka.actor.default-dispatcher-21] DEBUG com.vibes.actors.NodeActor - StartSimulation 2021-03-29T10:59:04.472+08:00 Actor[akka://VSystem/user/Master/NodeRepo/$V#375962449]
10:59:04.829 [VSystem-akka.actor.default-dispatcher-8] DEBUG com.vibes.actors.NodeActor - StartSimulation 2021-03-29T10:59:04.472+08:00 Actor[akka://VSystem/user/Master/NodeRepo/$O#-1790384433]
10:59:04.838 [VSystem-akka.actor.default-dispatcher-16] DEBUG com.vibes.actors.NodeActor - StartSimulation 2021-03-29T10:59:04.472+08:00 Actor[akka://VSystem/user/Master/NodeRepo/$D#1392652694]
10:59:04.844 [VSystem-akka.actor.default-dispatcher-11] DEBUG com.vibes.actors.NodeActor - StartSimulation 2021-03-29T10:59:04.472+08:00 Actor[akka://VSystem/user/Master/NodeRepo/$q#-296930348]
10:59:04.856 [VSystem-akka.actor.default-dispatcher-23] DEBUG com.vibes.actors.NodeActor - StartSimulation 2021-03-29T10:59:04.472+08:00 Actor[akka://VSystem/user/Master/NodeRepo/$y#414123982]
10:59:04.863 [VSystem-akka.actor.default-dispatcher-25] DEBUG com.vibes.actors.NodeActor - StartSimulation 2021-03-29T10:59:04.472+08:00 Actor[akka://VSystem/user/Master/NodeRepo/$I#214461054]
10:59:04.875 [VSystem-akka.actor.default-dispatcher-26] DEBUG com.vibes.actors.NodeActor - StartSimulation 2021-03-29T10:59:04.472+08:00 Actor[akka://VSystem/user/Master/NodeRepo/$Q#-1110157958]
10:59:04.882 [VSystem-akka.actor.default-dispatcher-24] DEBUG com.vibes.actors.NodeActor - StartSimulation 2021-03-29T10:59:04.472+08:00 Actor[akka://VSystem/user/Master/NodeRepo/$P#-1513707584]
10:59:04.889 [VSystem-akka.actor.default-dispatcher-28] DEBUG com.vibes.actors.NodeActor - StartSimulation 2021-03-29T10:59:04.472+08:00 Actor[akka://VSystem/user/Master/NodeRepo/$x#1464864854]
10:59:04.896 [VSystem-akka.actor.default-dispatcher-22] DEBUG com.vibes.actors.NodeActor - StartSimulation 2021-03-29T10:59:04.472+08:00 Actor[akka://VSystem/user/Master/NodeRepo/$u#-1724039212]
10:59:04.904 [VSystem-akka.actor.default-dispatcher-19] DEBUG com.vibes.actors.NodeActor - StartSimulation 2021-03-29T10:59:04.472+08:00 Actor[akka://VSystem/user/Master/NodeRepo/$f#-1605413372]
10:59:04.916 [VSystem-akka.actor.default-dispatcher-27] DEBUG com.vibes.actors.NodeActor - StartSimulation 2021-03-29T10:59:04.472+08:00 Actor[akka://VSystem/user/Master/NodeRepo/$ob#-934534415]
10:59:04.921 [VSystem-akka.actor.default-dispatcher-20] DEBUG com.vibes.actors.NodeActor - StartSimulation 2021-03-29T10:59:04.472+08:00 Actor[akka://VSystem/user/Master/NodeRepo/$b#1899230929]
10:59:04.925 [VSystem-akka.actor.default-dispatcher-18] DEBUG com.vibes.actors.NodeActor - StartSimulation 2021-03-29T10:59:04.472+08:00 Actor[akka://VSystem/user/Master/NodeRepo/$B#-1253290757]
10:59:04.937 [VSystem-akka.actor.default-dispatcher-13] DEBUG com.vibes.actors.NodeActor - StartSimulation 2021-03-29T10:59:04.472+08:00 Actor[akka://VSystem/user/Master/NodeRepo/$o#456586314]
10:59:04.945 [VSystem-akka.actor.default-dispatcher-3] DEBUG com.vibes.actors.NodeActor - StartSimulation 2021-03-29T10:59:04.472+08:00 Actor[akka://VSystem/user/Master/NodeRepo/$M#924851743]
10:59:04.957 [VSystem-akka.actor.default-dispatcher-10] DEBUG com.vibes.actors.NodeActor - StartSimulation 2021-03-29T10:59:04.472+08:00 Actor[akka://VSystem/user/Master/NodeRepo/$db#1417703609]
10:59:04.964 [VSystem-akka.actor.default-dispatcher-14] DEBUG com.vibes.actors.NodeActor - StartSimulation 2021-03-29T10:59:04.472+08:00 Actor[akka://VSystem/user/Master/NodeRepo/$r#-1680996032]
10:59:04.974 [VSystem-akka.actor.default-dispatcher-12] DEBUG com.vibes.actors.NodeActor - StartSimulation 2021-03-29T10:59:04.472+08:00 Actor[akka://VSystem/user/Master/NodeRepo/$gb#1734757724]
10:59:04.986 [VSystem-akka.actor.default-dispatcher-17] DEBUG com.vibes.actors.NodeActor - StartSimulation 2021-03-29T10:59:04.472+08:00 Actor[akka://VSystem/user/Master/NodeRepo/$n#-1712001629]
10:59:04.993 [VSystem-akka.actor.default-dispatcher-7] DEBUG com.vibes.actors.NodeActor - StartSimulation 2021-03-29T10:59:04.472+08:00 Actor[akka://VSystem/user/Master/NodeRepo/$kb#-1861443071]
10:59:05.002 [VSystem-akka.actor.default-dispatcher-6] DEBUG com.vibes.actors.NodeActor - StartSimulation 2021-03-29T10:59:04.472+08:00 Actor[akka://VSystem/user/Master/NodeRepo/$i#237094937]
10:59:05.013 [VSystem-akka.actor.default-dispatcher-15] DEBUG com.vibes.actors.NodeActor - StartSimulation 2021-03-29T10:59:04.472+08:00 Actor[akka://VSystem/user/Master/NodeRepo/$C#1564266663]
10:59:05.022 [VSystem-akka.actor.default-dispatcher-9] DEBUG com.vibes.actors.NodeActor - StartSimulation 2021-03-29T10:59:04.472+08:00 Actor[akka://VSystem/user/Master/NodeRepo/$s#-1328003824]
10:59:05.030 [VSystem-akka.actor.default-dispatcher-21] DEBUG com.vibes.actors.NodeActor - StartSimulation 2021-03-29T10:59:04.472+08:00 Actor[akka://VSystem/user/Master/NodeRepo/$g#-478126043]
10:59:05.038 [VSystem-akka.actor.default-dispatcher-8] DEBUG com.vibes.actors.NodeActor - StartSimulation 2021-03-29T10:59:04.472+08:00 Actor[akka://VSystem/user/Master/NodeRepo/$d#1386412243]
10:59:05.047 [VSystem-akka.actor.default-dispatcher-16] DEBUG com.vibes.actors.NodeActor - StartSimulation 2021-03-29T10:59:04.472+08:00 Actor[akka://VSystem/user/Master/NodeRepo/$pb#-1400025638]
10:59:05.055 [VSystem-akka.actor.default-dispatcher-11] DEBUG com.vibes.actors.NodeActor - StartSimulation 2021-03-29T10:59:04.472+08:00 Actor[akka://VSystem/user/Master/NodeRepo/$S#-1278968097]
10:59:05.289 [VSystem-akka.actor.default-dispatcher-11] DEBUG com.vibes.actors.MasterActor - Transactions are requested 2021-03-29T11:02:46.472+08:00
10:59:05.322 [VSystem-akka.actor.default-dispatcher-21] DEBUG com.vibes.actors.NodeActor - GOOD BLOCK MINED AT LEVEL..... 1..... 2021-03-29T11:02:46.472+08:00, akka://VSystem/user/Master/NodeRepo/$G
10:59:05.328 [VSystem-akka.actor.default-dispatcher-21] DEBUG com.vibes.actors.NodeActor - addBlockIfAlternativeHistoryAttack: newBlock.level == 0
10:59:05.338 [VSystem-akka.actor.default-dispatcher-21] DEBUG com.vibes.actors.NodeActor - GOOD CHAIN LENGTH: 1; BAD CHAIN LENGTH 1
10:59:05.353 [VSystem-akka.actor.default-dispatcher-15] DEBUG com.vibes.actors.DiscoveryActor$ - Update neighbours table...
10:59:06.143 [VSystem-akka.actor.default-dispatcher-19] DEBUG com.vibes.actors.MasterActor - Transactions are requested 2021-03-29T11:21:41.472+08:00
10:59:06.151 [VSystem-akka.actor.default-dispatcher-19] DEBUG com.vibes.actors.NodeActor - EVIL BLOCK MINED AT LEVEL..... 2..... 2021-03-29T11:21:41.472+08:00, akka://VSystem/user/Master/NodeRepo/$f
10:59:06.152 [VSystem-akka.actor.default-dispatcher-19] DEBUG com.vibes.actors.NodeActor - addBlockIfAlternativeHistoryAttack: added newBlock
10:59:06.154 [VSystem-akka.actor.default-dispatcher-19] DEBUG com.vibes.actors.NodeActor - GOOD CHAIN LENGTH: 1; BAD CHAIN LENGTH 2
10:59:06.581 [VSystem-akka.actor.default-dispatcher-17] DEBUG com.vibes.actors.MasterActor - Transactions are requested 2021-03-29T11:27:10.472+08:00
10:59:06.584 [VSystem-akka.actor.default-dispatcher-16] DEBUG com.vibes.actors.NodeActor - EVIL BLOCK MINED AT LEVEL..... 3..... 2021-03-29T11:27:10.472+08:00, akka://VSystem/user/Master/NodeRepo/$a
10:59:06.589 [VSystem-akka.actor.default-dispatcher-16] DEBUG com.vibes.actors.NodeActor - addBlockIfAlternativeHistoryAttack: added newBlock
10:59:06.590 [VSystem-akka.actor.default-dispatcher-16] DEBUG com.vibes.actors.NodeActor - GOOD CHAIN LENGTH: 1; BAD CHAIN LENGTH 3
10:59:06.982 [VSystem-akka.actor.default-dispatcher-13] DEBUG com.vibes.actors.MasterActor - Transactions are requested 2021-03-29T11:28:08.472+08:00
10:59:06.986 [VSystem-akka.actor.default-dispatcher-25] DEBUG com.vibes.actors.NodeActor - EVIL BLOCK MINED AT LEVEL..... 4..... 2021-03-29T11:28:08.472+08:00, akka://VSystem/user/Master/NodeRepo/$u
10:59:06.989 [VSystem-akka.actor.default-dispatcher-25] DEBUG com.vibes.actors.NodeActor - addBlockIfAlternativeHistoryAttack: added newBlock
10:59:06.990 [VSystem-akka.actor.default-dispatcher-25] DEBUG com.vibes.actors.NodeActor - GOOD CHAIN LENGTH: 1; BAD CHAIN LENGTH 4
10:59:07.475 [VSystem-akka.actor.default-dispatcher-10] DEBUG com.vibes.actors.MasterActor - Transactions are requested 2021-03-29T11:35:57.472+08:00
10:59:07.484 [VSystem-akka.actor.default-dispatcher-18] DEBUG com.vibes.actors.NodeActor - GOOD BLOCK MINED AT LEVEL..... 2..... 2021-03-29T11:35:57.472+08:00, akka://VSystem/user/Master/NodeRepo/$kb
10:59:07.488 [VSystem-akka.actor.default-dispatcher-18] DEBUG com.vibes.actors.NodeActor - addBlockIfAlternativeHistoryAttack: added newBlock
10:59:07.494 [VSystem-akka.actor.default-dispatcher-18] DEBUG com.vibes.actors.NodeActor - GOOD CHAIN LENGTH: 2; BAD CHAIN LENGTH 4
10:59:08.363 [VSystem-akka.actor.default-dispatcher-28] DEBUG com.vibes.actors.DiscoveryActor$ - Update neighbours table...
10:59:08.363 [VSystem-akka.actor.default-dispatcher-10] DEBUG com.vibes.actors.MasterActor - Transactions are requested 2021-03-29T11:49:43.472+08:00
10:59:08.371 [VSystem-akka.actor.default-dispatcher-6] DEBUG com.vibes.actors.NodeActor - GOOD BLOCK MINED AT LEVEL..... 3..... 2021-03-29T11:49:43.472+08:00, akka://VSystem/user/Master/NodeRepo/$3
10:59:08.372 [VSystem-akka.actor.default-dispatcher-6] DEBUG com.vibes.actors.NodeActor - addBlockIfAlternativeHistoryAttack: added newBlock
10:59:08.374 [VSystem-akka.actor.default-dispatcher-6] DEBUG com.vibes.actors.NodeActor - GOOD CHAIN LENGTH: 3; BAD CHAIN LENGTH 4
10:59:09.002 [VSystem-akka.actor.default-dispatcher-24] DEBUG com.vibes.actors.MasterActor - Transactions are requested 2021-03-29T11:58:53.472+08:00
10:59:09.005 [VSystem-akka.actor.default-dispatcher-23] DEBUG com.vibes.actors.NodeActor - GOOD BLOCK MINED AT LEVEL..... 4..... 2021-03-29T11:58:53.472+08:00, akka://VSystem/user/Master/NodeRepo/$1
10:59:09.009 [VSystem-akka.actor.default-dispatcher-23] DEBUG com.vibes.actors.NodeActor - addBlockIfAlternativeHistoryAttack: added newBlock
10:59:09.011 [VSystem-akka.actor.default-dispatcher-23] DEBUG com.vibes.actors.NodeActor - GOOD CHAIN LENGTH: 4; BAD CHAIN LENGTH 4
10:59:09.657 [VSystem-akka.actor.default-dispatcher-28] DEBUG com.vibes.actors.MasterActor - Transactions are requested 2021-03-29T12:27:41.472+08:00
10:59:09.659 [VSystem-akka.actor.default-dispatcher-17] DEBUG com.vibes.actors.NodeActor - GOOD BLOCK MINED AT LEVEL..... 5..... 2021-03-29T12:27:41.472+08:00, akka://VSystem/user/Master/NodeRepo/$V
10:59:09.662 [VSystem-akka.actor.default-dispatcher-17] DEBUG com.vibes.actors.NodeActor - addBlockIfAlternativeHistoryAttack: added newBlock
10:59:09.666 [VSystem-akka.actor.default-dispatcher-17] DEBUG com.vibes.actors.NodeActor - GOOD CHAIN LENGTH: 5; BAD CHAIN LENGTH 4
10:59:10.469 [VSystem-akka.actor.default-dispatcher-16] DEBUG com.vibes.actors.DiscoveryActor$ - Update neighbours table...
10:59:10.469 [VSystem-akka.actor.default-dispatcher-28] DEBUG com.vibes.actors.MasterActor - Transactions are requested 2021-03-29T12:46:42.472+08:00
10:59:10.478 [VSystem-akka.actor.default-dispatcher-11] DEBUG com.vibes.actors.NodeActor - GOOD BLOCK MINED AT LEVEL..... 6..... 2021-03-29T12:46:42.472+08:00, akka://VSystem/user/Master/NodeRepo/$ib
10:59:10.479 [VSystem-akka.actor.default-dispatcher-11] DEBUG com.vibes.actors.NodeActor - addBlockIfAlternativeHistoryAttack: added newBlock
10:59:10.483 [VSystem-akka.actor.default-dispatcher-11] DEBUG com.vibes.actors.NodeActor - GOOD CHAIN LENGTH: 6; BAD CHAIN LENGTH 4
10:59:10.966 [VSystem-akka.actor.default-dispatcher-9] DEBUG com.vibes.actors.MasterActor - Transactions are requested 2021-03-29T12:47:18.472+08:00
10:59:10.969 [VSystem-akka.actor.default-dispatcher-22] DEBUG com.vibes.actors.NodeActor - GOOD BLOCK MINED AT LEVEL..... 7..... 2021-03-29T12:47:18.472+08:00, akka://VSystem/user/Master/NodeRepo/$1
10:59:10.973 [VSystem-akka.actor.default-dispatcher-22] DEBUG com.vibes.actors.NodeActor - addBlockIfAlternativeHistoryAttack: added newBlock
10:59:10.976 [VSystem-akka.actor.default-dispatcher-22] DEBUG com.vibes.actors.NodeActor - GOOD CHAIN LENGTH: 7; BAD CHAIN LENGTH 4
10:59:11.961 [VSystem-akka.actor.default-dispatcher-27] DEBUG com.vibes.actors.MasterActor - Transactions are requested 2021-03-29T12:56:18.472+08:00
10:59:11.965 [VSystem-akka.actor.default-dispatcher-20] DEBUG com.vibes.actors.NodeActor - GOOD BLOCK MINED AT LEVEL..... 8..... 2021-03-29T12:56:18.472+08:00, akka://VSystem/user/Master/NodeRepo/$bb
10:59:11.969 [VSystem-akka.actor.default-dispatcher-20] DEBUG com.vibes.actors.NodeActor - addBlockIfAlternativeHistoryAttack: added newBlock
10:59:11.970 [VSystem-akka.actor.default-dispatcher-20] DEBUG com.vibes.actors.NodeActor - GOOD CHAIN LENGTH: 8; BAD CHAIN LENGTH 4
10:59:13.210 [VSystem-akka.actor.default-dispatcher-21] DEBUG com.vibes.actors.MasterActor - Transactions are requested 2021-03-29T12:57:22.472+08:00
10:59:13.213 [VSystem-akka.actor.default-dispatcher-3] DEBUG com.vibes.actors.NodeActor - GOOD BLOCK MINED AT LEVEL..... 9..... 2021-03-29T12:57:22.472+08:00, akka://VSystem/user/Master/NodeRepo/$3
10:59:13.219 [VSystem-akka.actor.default-dispatcher-3] DEBUG com.vibes.actors.NodeActor - addBlockIfAlternativeHistoryAttack: added newBlock
10:59:13.228 [VSystem-akka.actor.default-dispatcher-3] DEBUG com.vibes.actors.NodeActor - GOOD CHAIN LENGTH: 9; BAD CHAIN LENGTH 4
10:59:14.464 [VSystem-akka.actor.default-dispatcher-16] DEBUG com.vibes.actors.MasterActor - Transactions are requested 2021-03-29T13:01:54.472+08:00
10:59:14.467 [VSystem-akka.actor.default-dispatcher-19] DEBUG com.vibes.actors.NodeActor - GOOD BLOCK MINED AT LEVEL..... 10..... 2021-03-29T13:01:54.472+08:00, akka://VSystem/user/Master/NodeRepo/$7
10:59:14.471 [VSystem-akka.actor.default-dispatcher-19] DEBUG com.vibes.actors.NodeActor - addBlockIfAlternativeHistoryAttack: added newBlock
10:59:14.473 [VSystem-akka.actor.default-dispatcher-19] DEBUG com.vibes.actors.NodeActor - GOOD CHAIN LENGTH: 10; BAD CHAIN LENGTH 4
10:59:15.681 [VSystem-akka.actor.default-dispatcher-27] DEBUG com.vibes.actors.MasterActor - Transactions are requested 2021-03-29T13:31:57.472+08:00
10:59:15.684 [VSystem-akka.actor.default-dispatcher-12] DEBUG com.vibes.actors.NodeActor - GOOD BLOCK MINED AT LEVEL..... 11..... 2021-03-29T13:31:57.472+08:00, akka://VSystem/user/Master/NodeRepo/$X
10:59:15.690 [VSystem-akka.actor.default-dispatcher-12] DEBUG com.vibes.actors.NodeActor - addBlockIfAlternativeHistoryAttack: added newBlock
10:59:15.691 [VSystem-akka.actor.default-dispatcher-12] DEBUG com.vibes.actors.NodeActor - GOOD CHAIN LENGTH: 11; BAD CHAIN LENGTH 4
10:59:16.142 [VSystem-akka.actor.default-dispatcher-10] DEBUG com.vibes.actors.MasterActor - Transactions are requested 2021-03-29T13:32:14.472+08:00
10:59:16.144 [VSystem-akka.actor.default-dispatcher-7] DEBUG com.vibes.actors.NodeActor - GOOD BLOCK MINED AT LEVEL..... 12..... 2021-03-29T13:32:14.472+08:00, akka://VSystem/user/Master/NodeRepo/$A
10:59:16.149 [VSystem-akka.actor.default-dispatcher-7] DEBUG com.vibes.actors.NodeActor - addBlockIfAlternativeHistoryAttack: added newBlock
10:59:16.150 [VSystem-akka.actor.default-dispatcher-7] DEBUG com.vibes.actors.NodeActor - GOOD CHAIN LENGTH: 12; BAD CHAIN LENGTH 4
10:59:17.372 [VSystem-akka.actor.default-dispatcher-20] DEBUG com.vibes.actors.DiscoveryActor$ - Update neighbours table...
10:59:17.407 [VSystem-akka.actor.default-dispatcher-6] DEBUG com.vibes.actors.MasterActor - Transactions are requested 2021-03-29T13:43:12.472+08:00
10:59:17.408 [VSystem-akka.actor.default-dispatcher-19] DEBUG com.vibes.actors.NodeActor - EVIL BLOCK MINED AT LEVEL..... 5..... 2021-03-29T13:43:12.472+08:00, akka://VSystem/user/Master/NodeRepo/$t
10:59:17.410 [VSystem-akka.actor.default-dispatcher-19] DEBUG com.vibes.actors.NodeActor - addBlockIfAlternativeHistoryAttack: added newBlock
10:59:17.415 [VSystem-akka.actor.default-dispatcher-19] DEBUG com.vibes.actors.NodeActor - GOOD CHAIN LENGTH: 12; BAD CHAIN LENGTH 5
10:59:18.203 [VSystem-akka.actor.default-dispatcher-20] DEBUG com.vibes.actors.MasterActor - Transactions are requested 2021-03-29T13:46:52.472+08:00
10:59:18.206 [VSystem-akka.actor.default-dispatcher-20] DEBUG com.vibes.actors.NodeActor - GOOD BLOCK MINED AT LEVEL..... 13..... 2021-03-29T13:46:52.472+08:00, akka://VSystem/user/Master/NodeRepo/$7
10:59:18.210 [VSystem-akka.actor.default-dispatcher-20] DEBUG com.vibes.actors.NodeActor - addBlockIfAlternativeHistoryAttack: added newBlock
10:59:18.212 [VSystem-akka.actor.default-dispatcher-20] DEBUG com.vibes.actors.NodeActor - GOOD CHAIN LENGTH: 13; BAD CHAIN LENGTH 5
10:59:19.103 [VSystem-akka.actor.default-dispatcher-12] DEBUG com.vibes.actors.MasterActor - Transactions are requested 2021-03-29T13:55:03.472+08:00
10:59:19.106 [VSystem-akka.actor.default-dispatcher-24] DEBUG com.vibes.actors.NodeActor - GOOD BLOCK MINED AT LEVEL..... 14..... 2021-03-29T13:55:03.472+08:00, akka://VSystem/user/Master/NodeRepo/$X
10:59:19.110 [VSystem-akka.actor.default-dispatcher-24] DEBUG com.vibes.actors.NodeActor - addBlockIfAlternativeHistoryAttack: added newBlock
10:59:19.111 [VSystem-akka.actor.default-dispatcher-24] DEBUG com.vibes.actors.NodeActor - GOOD CHAIN LENGTH: 14; BAD CHAIN LENGTH 5
10:59:20.057 [VSystem-akka.actor.default-dispatcher-13] DEBUG com.vibes.actors.DiscoveryActor$ - Update neighbours table...
10:59:20.057 [VSystem-akka.actor.default-dispatcher-6] DEBUG com.vibes.actors.MasterActor - Transactions are requested 2021-03-29T14:30:23.472+08:00
10:59:20.064 [VSystem-akka.actor.default-dispatcher-23] DEBUG com.vibes.actors.NodeActor - GOOD BLOCK MINED AT LEVEL..... 15..... 2021-03-29T14:30:23.472+08:00, akka://VSystem/user/Master/NodeRepo/$Q
10:59:20.065 [VSystem-akka.actor.default-dispatcher-23] DEBUG com.vibes.actors.NodeActor - addBlockIfAlternativeHistoryAttack: added newBlock
10:59:20.067 [VSystem-akka.actor.default-dispatcher-23] DEBUG com.vibes.actors.NodeActor - GOOD CHAIN LENGTH: 15; BAD CHAIN LENGTH 5
10:59:21.103 [VSystem-akka.actor.default-dispatcher-3] DEBUG com.vibes.actors.MasterActor - Transactions are requested 2021-03-29T14:41:32.472+08:00
10:59:21.106 [VSystem-akka.actor.default-dispatcher-18] DEBUG com.vibes.actors.NodeActor - EVIL BLOCK MINED AT LEVEL..... 6..... 2021-03-29T14:41:32.472+08:00, akka://VSystem/user/Master/NodeRepo/$m
10:59:21.110 [VSystem-akka.actor.default-dispatcher-18] DEBUG com.vibes.actors.NodeActor - addBlockIfAlternativeHistoryAttack: added newBlock
10:59:21.114 [VSystem-akka.actor.default-dispatcher-18] DEBUG com.vibes.actors.NodeActor - GOOD CHAIN LENGTH: 15; BAD CHAIN LENGTH 6
10:59:22.511 [VSystem-akka.actor.default-dispatcher-15] DEBUG com.vibes.actors.MasterActor - Transactions are requested 2021-03-29T14:51:00.472+08:00
10:59:22.515 [VSystem-akka.actor.default-dispatcher-10] DEBUG com.vibes.actors.NodeActor - GOOD BLOCK MINED AT LEVEL..... 16..... 2021-03-29T14:51:00.472+08:00, akka://VSystem/user/Master/NodeRepo/$pb
10:59:22.519 [VSystem-akka.actor.default-dispatcher-10] DEBUG com.vibes.actors.NodeActor - addBlockIfAlternativeHistoryAttack: added newBlock
10:59:22.520 [VSystem-akka.actor.default-dispatcher-10] DEBUG com.vibes.actors.NodeActor - GOOD CHAIN LENGTH: 16; BAD CHAIN LENGTH 6
10:59:24.011 [VSystem-akka.actor.default-dispatcher-13] DEBUG com.vibes.actors.MasterActor - Transactions are requested 2021-03-29T14:53:08.472+08:00
10:59:24.014 [VSystem-akka.actor.default-dispatcher-9] DEBUG com.vibes.actors.NodeActor - GOOD BLOCK MINED AT LEVEL..... 17..... 2021-03-29T14:53:08.472+08:00, akka://VSystem/user/Master/NodeRepo/$pb
10:59:24.020 [VSystem-akka.actor.default-dispatcher-9] DEBUG com.vibes.actors.NodeActor - addBlockIfAlternativeHistoryAttack: added newBlock
10:59:24.028 [VSystem-akka.actor.default-dispatcher-9] DEBUG com.vibes.actors.NodeActor - GOOD CHAIN LENGTH: 17; BAD CHAIN LENGTH 6
10:59:26.820 [VSystem-akka.actor.default-dispatcher-28] DEBUG com.vibes.actors.MasterActor - Transactions are requested 2021-03-29T14:56:45.472+08:00
10:59:26.823 [VSystem-akka.actor.default-dispatcher-8] DEBUG com.vibes.actors.NodeActor - GOOD BLOCK MINED AT LEVEL..... 18..... 2021-03-29T14:56:45.472+08:00, akka://VSystem/user/Master/NodeRepo/$S
10:59:26.829 [VSystem-akka.actor.default-dispatcher-8] DEBUG com.vibes.actors.NodeActor - addBlockIfAlternativeHistoryAttack: added newBlock
10:59:26.831 [VSystem-akka.actor.default-dispatcher-8] DEBUG com.vibes.actors.NodeActor - GOOD CHAIN LENGTH: 18; BAD CHAIN LENGTH 6
10:59:29.705 [VSystem-akka.actor.default-dispatcher-25] DEBUG com.vibes.actors.MasterActor - Transactions are requested 2021-03-29T14:59:23.472+08:00
10:59:29.713 [VSystem-akka.actor.default-dispatcher-8] DEBUG com.vibes.actors.NodeActor - GOOD BLOCK MINED AT LEVEL..... 19..... 2021-03-29T14:59:23.472+08:00, akka://VSystem/user/Master/NodeRepo/$C
10:59:29.718 [VSystem-akka.actor.default-dispatcher-8] DEBUG com.vibes.actors.NodeActor - addBlockIfAlternativeHistoryAttack: added newBlock
10:59:29.729 [VSystem-akka.actor.default-dispatcher-8] DEBUG com.vibes.actors.NodeActor - GOOD CHAIN LENGTH: 19; BAD CHAIN LENGTH 6
10:59:31.070 [VSystem-akka.actor.default-dispatcher-23] DEBUG com.vibes.actors.MasterActor - Announce End akka://VSystem/user/Master 2021-03-29T15:00:00.116+08:00
10:59:31.084 [VSystem-akka.actor.default-dispatcher-17] DEBUG com.vibes.actors.ReducerActor$ - ==============================================================
10:59:31.086 [VSystem-akka.actor.default-dispatcher-17] DEBUG com.vibes.actors.ReducerActor$ - ============================OUTPUT============================
10:59:31.094 [VSystem-akka.actor.default-dispatcher-17] DEBUG com.vibes.actors.ReducerActor$ - ==============================================================
10:59:31.151 [VSystem-akka.actor.default-dispatcher-17] DEBUG com.vibes.actors.ReducerActor$ - SIMULATION TOOK... 33.0 SECONDS
10:59:31.152 [VSystem-akka.actor.default-dispatcher-17] DEBUG com.vibes.actors.ReducerActor$ - LONGEST CHAIN... 19 BLOCKS
10:59:31.161 [VSystem-akka.actor.default-dispatcher-17] DEBUG com.vibes.actors.ReducerActor$ - LONGEST CHAIN SIZE.... 1148 KB
10:59:31.166 [VSystem-akka.actor.default-dispatcher-17] DEBUG com.vibes.actors.ReducerActor$ - LONGEST CHAIN NUMBER OF TRANSACTIONS... 1148
10:59:31.178 [VSystem-akka.actor.default-dispatcher-17] DEBUG com.vibes.actors.ReducerActor$ - NUMBER OF BLOCKS FOR PROPAGATION TIME 1
10:59:31.188 [VSystem-akka.actor.default-dispatcher-17] DEBUG com.vibes.actors.ReducerActor$ - BLOCK PROPAGATION TIME 10%... 0.0 SECONDS
10:59:31.199 [VSystem-akka.actor.default-dispatcher-17] DEBUG com.vibes.actors.ReducerActor$ - BLOCK PROPAGATION TIME 50%... 2.0 SECONDS
10:59:31.207 [VSystem-akka.actor.default-dispatcher-17] DEBUG com.vibes.actors.ReducerActor$ - BLOCK PROPAGATION TIME 90%... 3.0 SECONDS
10:59:31.214 [VSystem-akka.actor.default-dispatcher-17] DEBUG com.vibes.actors.ReducerActor$ - NUMBER OF BLOCKS FOR PROPAGATION TIME (NO OUTLIERS) 1
10:59:31.222 [VSystem-akka.actor.default-dispatcher-17] DEBUG com.vibes.actors.ReducerActor$ - BLOCK PROPAGATION TIME 10% (NO OUTLIERS)... 0.0 SECONDS
10:59:31.233 [VSystem-akka.actor.default-dispatcher-17] DEBUG com.vibes.actors.ReducerActor$ - BLOCK PROPAGATION TIME 50% (NO OUTLIERS)... 2.0 SECONDS
10:59:31.243 [VSystem-akka.actor.default-dispatcher-17] DEBUG com.vibes.actors.ReducerActor$ - BLOCK PROPAGATION TIME 90% (NO OUTLIERS)... 3.0 SECONDS
10:59:31.249 [VSystem-akka.actor.default-dispatcher-17] DEBUG com.vibes.actors.ReducerActor$ - FIRST BLOCK RECEIVED BY... 80  OUT OF 80 NODES
10:59:31.258 [VSystem-akka.actor.default-dispatcher-17] DEBUG com.vibes.actors.ReducerActor$ - LAST BLOCK RECEIVED BY... 55 OUT OF 80 NODES
10:59:31.262 [VSystem-akka.actor.default-dispatcher-17] DEBUG com.vibes.actors.ReducerActor$ - TOTAL TRANSACTION POOL... 0
10:59:31.264 [VSystem-akka.actor.default-dispatcher-17] DEBUG com.vibes.actors.ReducerActor$ - SIMULATION START... 2021-03-29T10:58:57.374+08:00
10:59:31.268 [VSystem-akka.actor.default-dispatcher-17] DEBUG com.vibes.actors.ReducerActor$ - MAXIMAL POSSIBLE SEGWIT TRANSACTIONS PER BLOCK... 100
10:59:31.278 [VSystem-akka.actor.default-dispatcher-17] DEBUG com.vibes.actors.ReducerActor$ - MAXIMAL POSSIBLE SEGWIT BLOCK WEIGHT... 100000
10:59:31.282 [VSystem-akka.actor.default-dispatcher-17] DEBUG com.vibes.actors.ReducerActor$ - MAXIMAL POSSIBLE NONSEGWIT TRANSACTIONS PER BLOCK... 50
10:59:31.292 [VSystem-akka.actor.default-dispatcher-17] DEBUG com.vibes.actors.ReducerActor$ - MAXIMAL SEGWIT TPS... 0.167
10:59:31.294 [VSystem-akka.actor.default-dispatcher-17] DEBUG com.vibes.actors.ReducerActor$ - MAXIMAL NONSEGWIT TPS... 0.083
10:59:31.300 [VSystem-akka.actor.default-dispatcher-17] DEBUG com.vibes.actors.ReducerActor$ - AVERAGE TPS... 0.079
10:59:31.321 [VSystem-akka.actor.default-dispatcher-17] DEBUG com.vibes.actors.ReducerActor$ - TRANSACTION SIZE OF LAST NODE TRANSACTION POOL... 34
10:59:31.334 [VSystem-akka.actor.default-dispatcher-17] DEBUG com.vibes.actors.ReducerActor$ - TRANSACTION SIZE OF LONGEST CHAIN... 1148
10:59:31.343 [VSystem-akka.actor.default-dispatcher-17] DEBUG com.vibes.actors.ReducerActor$ - TRANSACTION SIZE... 1182
10:59:31.352 [VSystem-akka.actor.default-dispatcher-17] DEBUG com.vibes.actors.ReducerActor$ - AVG BLOCK TIME... 759... SHOULD BE 600
10:59:31.378 [VSystem-akka.actor.default-dispatcher-17] DEBUG com.vibes.actors.ReducerActor$ - ATTACK SUCCESS PROBABILITY... 25.207
10:59:31.380 [VSystem-akka.actor.default-dispatcher-17] DEBUG com.vibes.actors.ReducerActor$ - MAXIMAL SAFE TRANSACTION VALUE... 370
10:59:31.390 [VSystem-akka.actor.default-dispatcher-17] DEBUG com.vibes.actors.ReducerActor$ - RESULT: ATTACK YET UNDECIDED
10:59:31.392 [VSystem-akka.actor.default-dispatcher-17] DEBUG com.vibes.actors.ReducerActor$ - GOOD BLOCKCHAIN LENGTH... 19
10:59:31.400 [VSystem-akka.actor.default-dispatcher-17] DEBUG com.vibes.actors.ReducerActor$ - EVIL BLOCKCHAIN LENGTH... 6
10:59:31.407 [VSystem-akka.actor.default-dispatcher-17] DEBUG com.vibes.actors.ReducerActor$ - STALE BLOCKS... 0
10:59:31.419 [VSystem-akka.actor.default-dispatcher-17] DEBUG com.vibes.actors.MasterActor - FINISH EVENTS...
10:59:31.658 [VSystem-akka.actor.default-dispatcher-17] DEBUG vibes.Main$ - EXTRACTION...
10:59:31.658 [VSystem-akka.actor.default-dispatcher-17] DEBUG vibes.Main$ - SUCCESS...
